

*******************************************************************************
Tue Feb 28 21:15:58 2017


FIT:    data read from "tiempos.dat"
        format = z
        #datapoints = 300
        residuals are weighted equally (unit weight)

function used for fitting: f(x)
	f(x) = a*x*x +b
fitted parameters initialized with current variable values

iter      chisq       delta/lim  lambda   a             b            
   0 4.9005900019e+19   0.00e+00  2.86e+08    1.000000e+00   1.000000e+00
   4 1.3772124363e+02  -2.98e-04  2.86e+04   -2.072278e-10   1.000000e+00

After 4 iterations the fit converged.
final sum of squares of residuals : 137.721
rel. change during last iteration : -2.98031e-09

degrees of freedom    (FIT_NDF)                        : 298
rms of residuals      (FIT_STDFIT) = sqrt(WSSR/ndf)    : 0.679817
variance of residuals (reduced chisquare) = WSSR/ndf   : 0.462152

Final set of parameters            Asymptotic Standard Error
=======================            ==========================
a               = -2.07228e-10     +/- 1.458e-10    (70.37%)
b               = 1                +/- 0.05894      (5.894%)

correlation matrix of the fit parameters:
                a      b      
a               1.000 
b              -0.746  1.000 


*******************************************************************************
Fri Mar  3 13:44:40 2017


FIT:    data read from "tiempos.dat"
        format = z
        #datapoints = 300
        residuals are weighted equally (unit weight)

function used for fitting: f(x)
	f(x) = a * x + b
fitted parameters initialized with current variable values

iter      chisq       delta/lim  lambda   a             b            
   0 9.0452841190e+10   0.00e+00  1.23e+04    1.000000e+00   1.000000e+00
   7 1.7054615290e+01  -4.47e-06  1.23e-03    4.700435e-05  -2.009063e-01

After 7 iterations the fit converged.
final sum of squares of residuals : 17.0546
rel. change during last iteration : -4.47031e-11

degrees of freedom    (FIT_NDF)                        : 298
rms of residuals      (FIT_STDFIT) = sqrt(WSSR/ndf)    : 0.239228
variance of residuals (reduced chisquare) = WSSR/ndf   : 0.0572303

Final set of parameters            Asymptotic Standard Error
=======================            ==========================
a               = 4.70043e-05      +/- 1.595e-06    (3.393%)
b               = -0.200906        +/- 0.02769      (13.78%)

correlation matrix of the fit parameters:
                a      b      
a               1.000 
b              -0.867  1.000 


*******************************************************************************
Fri Mar  3 13:44:54 2017


FIT:    data read from "tiempos.dat"
        format = z
        #datapoints = 300
        residuals are weighted equally (unit weight)

function used for fitting: f(x)
	f(x) = a * x * x + b
fitted parameters initialized with current variable values

iter      chisq       delta/lim  lambda   a             b            
   0 1.0826481542e+11   0.00e+00  1.34e+04    4.700435e-05  -2.009063e-01
   7 1.2063629923e+01  -3.87e-02  1.34e-03    1.586438e-09   2.819550e-02

After 7 iterations the fit converged.
final sum of squares of residuals : 12.0636
rel. change during last iteration : -3.87051e-07

degrees of freedom    (FIT_NDF)                        : 298
rms of residuals      (FIT_STDFIT) = sqrt(WSSR/ndf)    : 0.201201
variance of residuals (reduced chisquare) = WSSR/ndf   : 0.040482

Final set of parameters            Asymptotic Standard Error
=======================            ==========================
a               = 1.58644e-09      +/- 4.316e-11    (2.72%)
b               = 0.0281955        +/- 0.01744      (61.86%)

correlation matrix of the fit parameters:
                a      b      
a               1.000 
b              -0.746  1.000 


*******************************************************************************
Fri Mar  3 18:21:39 2017


FIT:    data read from "tiempos.dat"
        format = z
        #datapoints = 300
        residuals are weighted equally (unit weight)

function used for fitting: f(x)
	f(x) = a*x*x +b
fitted parameters initialized with current variable values

iter      chisq       delta/lim  lambda   a             b            
   0 4.9005900019e+19   0.00e+00  2.86e+08    1.000000e+00   1.000000e+00
   4 1.3772124363e+02  -2.98e-04  2.86e+04   -2.072278e-10   1.000000e+00

After 4 iterations the fit converged.
final sum of squares of residuals : 137.721
rel. change during last iteration : -2.98031e-09

degrees of freedom    (FIT_NDF)                        : 298
rms of residuals      (FIT_STDFIT) = sqrt(WSSR/ndf)    : 0.679817
variance of residuals (reduced chisquare) = WSSR/ndf   : 0.462152

Final set of parameters            Asymptotic Standard Error
=======================            ==========================
a               = -2.07228e-10     +/- 1.458e-10    (70.37%)
b               = 1                +/- 0.05894      (5.894%)

correlation matrix of the fit parameters:
                a      b      
a               1.000 
b              -0.746  1.000 


*******************************************************************************
Fri Mar  3 18:23:13 2017


FIT:    data read from "tiempos.dat"
        format = z
        #datapoints = 300
        residuals are weighted equally (unit weight)

function used for fitting: f(x)
	f(x) = a *x *x + b
fitted parameters initialized with current variable values

iter      chisq       delta/lim  lambda   a             b            
   0 1.3772124363e+02   0.00e+00  7.10e-01   -2.072278e-10   1.000000e+00
   4 1.2063629923e+01  -6.13e-09  7.10e-05    1.586438e-09   2.819550e-02

After 4 iterations the fit converged.
final sum of squares of residuals : 12.0636
rel. change during last iteration : -6.12556e-14

degrees of freedom    (FIT_NDF)                        : 298
rms of residuals      (FIT_STDFIT) = sqrt(WSSR/ndf)    : 0.201201
variance of residuals (reduced chisquare) = WSSR/ndf   : 0.040482

Final set of parameters            Asymptotic Standard Error
=======================            ==========================
a               = 1.58644e-09      +/- 4.316e-11    (2.72%)
b               = 0.0281955        +/- 0.01744      (61.86%)

correlation matrix of the fit parameters:
                a      b      
a               1.000 
b              -0.746  1.000 
